<?xml version="1.0" encoding="UTF-8"?>
<testsuite xmlns:xsi="http://www.w3.org/2001/XMLSchema-instance" xsi:noNamespaceSchemaLocation="https://maven.apache.org/surefire/maven-surefire-plugin/xsd/surefire-test-report.xsd" name="com.agape.ImageGeneratorTest" time="0.012" tests="6" errors="0" skipped="0" failures="0">
  <properties>
[...]
</properties>
  <testcase name="defaultCodeResolvesToDefaultFiles" classname="com.agape.ImageGeneratorTest" time="0.007"/>
  <testcase name="codeWithoutDashFallsBackToDefaults" classname="com.agape.ImageGeneratorTest" time="0"/>
  <testcase name="unknownCodesFallBackToDefaults" classname="com.agape.ImageGeneratorTest" time="0.002"/>
  <testcase name="knownCodeResolvesToConfiguredFiles" classname="com.agape.ImageGeneratorTest" time="0.001"/>
  <testcase name="nullCodeFallsBackToDefaults" classname="com.agape.ImageGeneratorTest" time="0"/>
  <testcase name="codesAreCaseInsensitive" classname="com.agape.ImageGeneratorTest" time="0.001"/>
</testsuite>